2013-07-01 14:36:53,688 [1] INFO  Gedcom.Web.Process GCR iniciado
2013-07-01 14:36:57,198 [9] INFO  Gedcom.Web.Process Página visitada: /gcr/test.htm desde ::1
2013-07-01 14:36:57,447 [8] INFO  Gedcom.Web.Process Página visitada: /gcr/Scripts/stepcarousel.js desde ::1
2013-07-01 14:36:57,447 [9] INFO  Gedcom.Web.Process Página visitada: /gcr/Styles/colorbox.css desde ::1
2013-07-01 14:36:57,541 [10] INFO  Gedcom.Web.Process Página visitada: /gcr/Scripts/jquery.colorbox.js desde ::1
2013-07-01 14:36:57,541 [11] INFO  Gedcom.Web.Process Página visitada: /gcr/img/opencircle.png desde ::1
2013-07-01 14:36:57,650 [10] INFO  Gedcom.Web.Process Página visitada: /gcr/img/leftnav.gif desde ::1
2013-07-01 14:36:57,650 [11] INFO  Gedcom.Web.Process Página visitada: /gcr/img/rightnav.gif desde ::1
2013-07-01 14:36:57,650 [9] INFO  Gedcom.Web.Process Página visitada: /gcr/img/closedcircle.png desde ::1
2013-07-01 14:36:57,666 [9] INFO  Gedcom.Web.Process Página visitada: /gcr/Styles/images/overlay.png desde ::1
2013-07-01 14:37:25,621 [11] INFO  Gedcom.Web.Process Página visitada: /gcr/FileUpload.ashx?filename=BIR_010713023725.zip&GetBytes=true desde ::1
2013-07-01 14:37:26,261 [8] INFO  Gedcom.Web.Process Página visitada: /gcr/FileUpload.ashx?filename=BIR_010713023725.zip&StartByte=0&Complete=True desde ::1
2013-07-01 14:37:26,370 [10] INFO  Gedcom.Web.Process Página visitada: /gcr/Process.ashx?filename=BIR_010713023725.zip desde ::1
2013-07-01 14:37:28,382 [11] INFO  Gedcom.Web.Process Página visitada: /gcr/Process.ashx?GetProgress=True desde ::1
2013-07-01 14:37:30,410 [11] INFO  Gedcom.Web.Process Página visitada: /gcr/Process.ashx?GetProgress=True desde ::1
2013-07-01 14:37:40,191 [9] INFO  Gedcom.Web.Process Página visitada: /gcr/ desde ::1
2013-07-01 14:37:40,207 [9] INFO  Gedcom.Web.Process Página visitada: /gcr/ desde ::1
2013-07-01 14:37:40,223 [9] INFO  Gedcom.Web.Process Página visitada: /gcr/ desde ::1
2013-07-01 14:37:40,379 [6] INFO  Gedcom.Web.Process Página visitada: /gcr/Styles/Site.css desde ::1
2013-07-01 14:37:41,985 [10] INFO  Gedcom.Web.Process Página visitada: /gcr/gcr/SearchPage.aspx desde ::1
2013-07-01 14:37:45,012 [11] INFO  Gedcom.Web.Process Página visitada: /gcr/gcr/SearchPage.aspx desde ::1
2013-07-01 14:37:48,553 [8] INFO  Gedcom.Web.Process Página visitada: /gcr/gcr/IndividualPage.aspx?ID=I1 desde ::1
2013-07-01 14:37:48,865 [9] INFO  Gedcom.Web.Process Página visitada: /gcr/img/icon-notes.png desde ::1
2013-07-01 14:43:49,584 [22] INFO  Gedcom.Web.Process Página visitada: /gcr/FileUpload.ashx?filename=BIR_010713024136.zip&GetBytes=true desde ::1
2013-07-01 14:43:49,616 [23] INFO  Gedcom.Web.Process Página visitada: /gcr/FileUpload.ashx?filename=BIR_010713024136.zip&StartByte=0&Complete=True desde ::1
2013-07-01 14:43:49,756 [22] INFO  Gedcom.Web.Process Página visitada: /gcr/Process.ashx?filename=BIR_010713024136.zip desde ::1
2013-07-01 14:43:51,768 [23] INFO  Gedcom.Web.Process Página visitada: /gcr/Process.ashx?GetProgress=True desde ::1
2013-07-01 14:44:48,163 [23] INFO  Gedcom.Web.Process Página visitada: /gcr/FileUpload.ashx?filename=BIR_010713024358.zip&GetBytes=true desde ::1
2013-07-01 14:44:48,178 [22] INFO  Gedcom.Web.Process Página visitada: /gcr/FileUpload.ashx?filename=BIR_010713024358.zip&StartByte=0&Complete=True desde ::1
2013-07-01 14:44:48,287 [19] INFO  Gedcom.Web.Process Página visitada: /gcr/Process.ashx?filename=BIR_010713024358.zip desde ::1
2013-07-01 14:44:50,300 [6] INFO  Gedcom.Web.Process Página visitada: /gcr/Process.ashx?GetProgress=True desde ::1
2013-07-01 14:53:56,207 [14] INFO  Gedcom.Web.Process GCR detenido
2013-07-01 14:54:12,650 [19] INFO  Gedcom.Web.Process GCR iniciado
2013-07-01 14:54:12,665 [23] INFO  Gedcom.Web.Process Página visitada: /gcr/FileUpload.ashx?filename=BIR_010713025411.zip&GetBytes=true desde ::1
2013-07-01 14:54:13,196 [9] INFO  Gedcom.Web.Process Página visitada: /gcr/FileUpload.ashx?filename=BIR_010713025411.zip&StartByte=0&Complete=True desde ::1
2013-07-01 14:54:13,305 [24] INFO  Gedcom.Web.Process Página visitada: /gcr/Process.ashx?filename=BIR_010713025411.zip desde ::1
2013-07-01 14:54:15,317 [26] INFO  Gedcom.Web.Process Página visitada: /gcr/Process.ashx?GetProgress=True desde ::1
2013-07-01 14:54:19,389 [21] INFO  Gedcom.Web.Process Página visitada: /GCR/ desde ::1
2013-07-01 14:54:19,389 [21] INFO  Gedcom.Web.Process Página visitada: /GCR/ desde ::1
2013-07-01 14:54:19,389 [21] INFO  Gedcom.Web.Process Página visitada: /GCR/ desde ::1
2013-07-01 14:54:19,451 [18] INFO  Gedcom.Web.Process Página visitada: /GCR/Styles/Site.css desde ::1
2013-07-01 14:54:21,744 [26] INFO  Gedcom.Web.Process Página visitada: /GCR/gcr/SearchPage.aspx desde ::1
2013-07-01 14:54:27,267 [23] INFO  Gedcom.Web.Process Página visitada: /GCR/gcr/SearchPage.aspx desde ::1
2013-07-01 14:54:30,168 [25] INFO  Gedcom.Web.Process Página visitada: /GCR/gcr/IndividualPage.aspx?ID=I1 desde ::1
2013-07-01 14:54:30,434 [24] INFO  Gedcom.Web.Process Página visitada: /GCR/Scripts/stepcarousel.js desde ::1
2013-07-01 14:54:30,496 [24] INFO  Gedcom.Web.Process Página visitada: /GCR/Styles/colorbox.css desde ::1
2013-07-01 14:54:30,496 [21] INFO  Gedcom.Web.Process Página visitada: /GCR/Scripts/jquery.colorbox.js desde ::1
2013-07-01 14:54:30,527 [23] INFO  Gedcom.Web.Process Página visitada: /GCR/img/icon-notes.png desde ::1
2013-07-01 14:54:30,543 [26] INFO  Gedcom.Web.Process Página visitada: /GCR/img/opencircle.png desde ::1
2013-07-01 14:54:30,590 [14] INFO  Gedcom.Web.Process Página visitada: /GCR/img/leftnav.gif desde ::1
2013-07-01 14:54:30,605 [21] INFO  Gedcom.Web.Process Página visitada: /GCR/img/rightnav.gif desde ::1
2013-07-01 14:54:30,636 [18] INFO  Gedcom.Web.Process Página visitada: /GCR/img/closedcircle.png desde ::1
2013-07-01 14:54:30,668 [23] INFO  Gedcom.Web.Process Página visitada: /GCR/Styles/images/overlay.png desde ::1
2013-07-01 15:14:53,413 [27] INFO  Gedcom.Web.Process GCR detenido
2013-07-01 16:42:43,524 [1] INFO  Gedcom.Web.Process GCR iniciado
2013-07-01 16:42:43,555 [5] INFO  Gedcom.Web.Process Página visitada: /gcr/FileUpload.ashx?filename=BIR_010713042409.zip&GetBytes=true desde ::1
2013-07-01 16:42:44,132 [5] INFO  Gedcom.Web.Process Página visitada: /gcr/FileUpload.ashx?filename=BIR_010713042409.zip&StartByte=0&Complete=False desde ::1
2013-07-01 16:42:44,179 [6] INFO  Gedcom.Web.Process Página visitada: /gcr/FileUpload.ashx?filename=BIR_010713042409.zip&StartByte=2498560&Complete=False desde ::1
2013-07-01 16:42:44,241 [5] INFO  Gedcom.Web.Process Página visitada: /gcr/FileUpload.ashx?filename=BIR_010713042409.zip&StartByte=4997120&Complete=False desde ::1
2013-07-01 16:42:44,273 [6] INFO  Gedcom.Web.Process Página visitada: /gcr/FileUpload.ashx?filename=BIR_010713042409.zip&StartByte=7495680&Complete=False desde ::1
2013-07-01 16:42:44,319 [5] INFO  Gedcom.Web.Process Página visitada: /gcr/FileUpload.ashx?filename=BIR_010713042409.zip&StartByte=9994240&Complete=False desde ::1
2013-07-01 16:42:44,382 [6] INFO  Gedcom.Web.Process Página visitada: /gcr/FileUpload.ashx?filename=BIR_010713042409.zip&StartByte=12492800&Complete=False desde ::1
2013-07-01 16:42:44,429 [5] INFO  Gedcom.Web.Process Página visitada: /gcr/FileUpload.ashx?filename=BIR_010713042409.zip&StartByte=14991360&Complete=False desde ::1
2013-07-01 16:42:44,475 [6] INFO  Gedcom.Web.Process Página visitada: /gcr/FileUpload.ashx?filename=BIR_010713042409.zip&StartByte=17489920&Complete=False desde ::1
2013-07-01 16:42:44,522 [5] INFO  Gedcom.Web.Process Página visitada: /gcr/FileUpload.ashx?filename=BIR_010713042409.zip&StartByte=19988480&Complete=False desde ::1
2013-07-01 16:42:44,616 [5] INFO  Gedcom.Web.Process Página visitada: /gcr/FileUpload.ashx?filename=BIR_010713042409.zip&StartByte=22487040&Complete=False desde ::1
2013-07-01 16:42:44,647 [6] INFO  Gedcom.Web.Process Página visitada: /gcr/FileUpload.ashx?filename=BIR_010713042409.zip&StartByte=24985600&Complete=True desde ::1
2013-07-01 16:42:44,694 [5] INFO  Gedcom.Web.Process Página visitada: /gcr/Process.ashx?filename=BIR_010713042409.zip desde ::1
2013-07-01 16:42:46,706 [6] INFO  Gedcom.Web.Process Página visitada: /gcr/Process.ashx?GetProgress=True desde ::1
2013-07-01 16:42:48,719 [6] INFO  Gedcom.Web.Process Página visitada: /gcr/Process.ashx?GetProgress=True desde ::1
2013-07-01 16:42:50,747 [6] INFO  Gedcom.Web.Process Página visitada: /gcr/Process.ashx?GetProgress=True desde ::1
2013-07-01 16:42:52,759 [6] INFO  Gedcom.Web.Process Página visitada: /gcr/Process.ashx?GetProgress=True desde ::1
2013-07-01 16:42:54,771 [6] INFO  Gedcom.Web.Process Página visitada: /gcr/Process.ashx?GetProgress=True desde ::1
2013-07-01 16:42:56,784 [6] INFO  Gedcom.Web.Process Página visitada: /gcr/Process.ashx?GetProgress=True desde ::1
2013-07-01 16:42:58,796 [6] INFO  Gedcom.Web.Process Página visitada: /gcr/Process.ashx?GetProgress=True desde ::1
2013-07-01 16:43:00,809 [10] INFO  Gedcom.Web.Process Página visitada: /gcr/Process.ashx?GetProgress=True desde ::1
2013-07-01 16:43:02,821 [7] INFO  Gedcom.Web.Process Página visitada: /gcr/Process.ashx?GetProgress=True desde ::1
2013-07-01 16:43:04,833 [10] INFO  Gedcom.Web.Process Página visitada: /gcr/Process.ashx?GetProgress=True desde ::1
2013-07-01 16:43:06,846 [6] INFO  Gedcom.Web.Process Página visitada: /gcr/Process.ashx?GetProgress=True desde ::1
2013-07-01 16:43:08,858 [7] INFO  Gedcom.Web.Process Página visitada: /gcr/Process.ashx?GetProgress=True desde ::1
2013-07-01 16:43:10,902 [8] INFO  Gedcom.Web.Process Página visitada: /gcr/Process.ashx?GetProgress=True desde ::1
2013-07-01 16:43:12,914 [10] INFO  Gedcom.Web.Process Página visitada: /gcr/Process.ashx?GetProgress=True desde ::1
2013-07-01 16:43:14,927 [6] INFO  Gedcom.Web.Process Página visitada: /gcr/Process.ashx?GetProgress=True desde ::1
2013-07-01 16:43:16,939 [8] INFO  Gedcom.Web.Process Página visitada: /gcr/Process.ashx?GetProgress=True desde ::1
2013-07-01 16:43:18,951 [10] INFO  Gedcom.Web.Process Página visitada: /gcr/Process.ashx?GetProgress=True desde ::1
2013-07-01 16:43:20,964 [7] INFO  Gedcom.Web.Process Página visitada: /gcr/Process.ashx?GetProgress=True desde ::1
2013-07-01 16:43:22,976 [10] INFO  Gedcom.Web.Process Página visitada: /gcr/Process.ashx?GetProgress=True desde ::1
2013-07-01 16:43:24,989 [8] INFO  Gedcom.Web.Process Página visitada: /gcr/Process.ashx?GetProgress=True desde ::1
2013-07-01 16:43:27,001 [6] INFO  Gedcom.Web.Process Página visitada: /gcr/Process.ashx?GetProgress=True desde ::1
2013-07-01 16:43:29,013 [8] INFO  Gedcom.Web.Process Página visitada: /gcr/Process.ashx?GetProgress=True desde ::1
2013-07-01 16:43:31,026 [6] INFO  Gedcom.Web.Process Página visitada: /gcr/Process.ashx?GetProgress=True desde ::1
2013-07-01 16:43:33,038 [7] INFO  Gedcom.Web.Process Página visitada: /gcr/Process.ashx?GetProgress=True desde ::1
2013-07-01 16:43:35,051 [6] INFO  Gedcom.Web.Process Página visitada: /gcr/Process.ashx?GetProgress=True desde ::1
2013-07-01 16:43:37,063 [10] INFO  Gedcom.Web.Process Página visitada: /gcr/Process.ashx?GetProgress=True desde ::1
2013-07-01 16:43:39,076 [7] INFO  Gedcom.Web.Process Página visitada: /gcr/Process.ashx?GetProgress=True desde ::1
2013-07-01 16:43:41,088 [6] INFO  Gedcom.Web.Process Página visitada: /gcr/Process.ashx?GetProgress=True desde ::1
2013-07-01 16:43:43,100 [8] INFO  Gedcom.Web.Process Página visitada: /gcr/Process.ashx?GetProgress=True desde ::1
2013-07-01 16:43:45,113 [12] INFO  Gedcom.Web.Process Página visitada: /gcr/Process.ashx?GetProgress=True desde ::1
2013-07-01 16:43:47,125 [10] INFO  Gedcom.Web.Process Página visitada: /gcr/Process.ashx?GetProgress=True desde ::1
2013-07-01 16:43:49,138 [8] INFO  Gedcom.Web.Process Página visitada: /gcr/Process.ashx?GetProgress=True desde ::1
2013-07-01 16:43:51,166 [7] INFO  Gedcom.Web.Process Página visitada: /gcr/Process.ashx?GetProgress=True desde ::1
2013-07-01 16:43:53,178 [10] INFO  Gedcom.Web.Process Página visitada: /gcr/Process.ashx?GetProgress=True desde ::1
2013-07-01 16:43:55,206 [12] INFO  Gedcom.Web.Process Página visitada: /gcr/Process.ashx?GetProgress=True desde ::1
2013-07-01 16:43:57,328 [12] INFO  Gedcom.Web.Process Página visitada: /gcr/Process.ashx?GetProgress=True desde ::1
2013-07-01 16:43:59,340 [10] INFO  Gedcom.Web.Process Página visitada: /gcr/Process.ashx?GetProgress=True desde ::1
2013-07-01 16:44:01,352 [8] INFO  Gedcom.Web.Process Página visitada: /gcr/Process.ashx?GetProgress=True desde ::1
2013-07-01 16:44:03,365 [12] INFO  Gedcom.Web.Process Página visitada: /gcr/Process.ashx?GetProgress=True desde ::1
2013-07-01 16:44:05,377 [10] INFO  Gedcom.Web.Process Página visitada: /gcr/Process.ashx?GetProgress=True desde ::1
2013-07-01 16:44:07,390 [12] INFO  Gedcom.Web.Process Página visitada: /gcr/Process.ashx?GetProgress=True desde ::1
2013-07-01 16:44:09,402 [7] INFO  Gedcom.Web.Process Página visitada: /gcr/Process.ashx?GetProgress=True desde ::1
2013-07-01 16:44:11,414 [10] INFO  Gedcom.Web.Process Página visitada: /gcr/Process.ashx?GetProgress=True desde ::1
2013-07-01 16:44:13,427 [7] INFO  Gedcom.Web.Process Página visitada: /gcr/Process.ashx?GetProgress=True desde ::1
2013-07-01 16:44:15,439 [10] INFO  Gedcom.Web.Process Página visitada: /gcr/Process.ashx?GetProgress=True desde ::1
2013-07-01 16:44:17,452 [7] INFO  Gedcom.Web.Process Página visitada: /gcr/Process.ashx?GetProgress=True desde ::1
2013-07-01 16:44:19,464 [12] INFO  Gedcom.Web.Process Página visitada: /gcr/Process.ashx?GetProgress=True desde ::1
2013-07-01 16:44:21,476 [7] INFO  Gedcom.Web.Process Página visitada: /gcr/Process.ashx?GetProgress=True desde ::1
2013-07-01 16:44:23,489 [7] INFO  Gedcom.Web.Process Página visitada: /gcr/Process.ashx?GetProgress=True desde ::1
2013-07-01 16:44:25,501 [12] INFO  Gedcom.Web.Process Página visitada: /gcr/Process.ashx?GetProgress=True desde ::1
2013-07-01 16:44:27,514 [12] INFO  Gedcom.Web.Process Página visitada: /gcr/Process.ashx?GetProgress=True desde ::1
2013-07-01 16:44:29,526 [7] INFO  Gedcom.Web.Process Página visitada: /gcr/Process.ashx?GetProgress=True desde ::1
2013-07-01 16:44:31,538 [10] INFO  Gedcom.Web.Process Página visitada: /gcr/Process.ashx?GetProgress=True desde ::1
2013-07-01 16:44:33,551 [7] INFO  Gedcom.Web.Process Página visitada: /gcr/Process.ashx?GetProgress=True desde ::1
2013-07-01 16:44:35,563 [12] INFO  Gedcom.Web.Process Página visitada: /gcr/Process.ashx?GetProgress=True desde ::1
2013-07-01 16:44:37,576 [7] INFO  Gedcom.Web.Process Página visitada: /gcr/Process.ashx?GetProgress=True desde ::1
2013-07-01 16:44:39,588 [10] INFO  Gedcom.Web.Process Página visitada: /gcr/Process.ashx?GetProgress=True desde ::1
2013-07-01 16:44:41,600 [12] INFO  Gedcom.Web.Process Página visitada: /gcr/Process.ashx?GetProgress=True desde ::1
2013-07-01 16:44:43,613 [12] INFO  Gedcom.Web.Process Página visitada: /gcr/Process.ashx?GetProgress=True desde ::1
2013-07-01 16:44:45,625 [7] INFO  Gedcom.Web.Process Página visitada: /gcr/Process.ashx?GetProgress=True desde ::1
2013-07-01 16:44:47,638 [8] INFO  Gedcom.Web.Process Página visitada: /gcr/Process.ashx?GetProgress=True desde ::1
2013-07-01 16:44:49,650 [12] INFO  Gedcom.Web.Process Página visitada: /gcr/Process.ashx?GetProgress=True desde ::1
2013-07-01 16:44:51,662 [10] INFO  Gedcom.Web.Process Página visitada: /gcr/Process.ashx?GetProgress=True desde ::1
2013-07-01 16:44:53,675 [12] INFO  Gedcom.Web.Process Página visitada: /gcr/Process.ashx?GetProgress=True desde ::1
2013-07-01 16:44:55,687 [10] INFO  Gedcom.Web.Process Página visitada: /gcr/Process.ashx?GetProgress=True desde ::1
2013-07-01 16:44:57,700 [12] INFO  Gedcom.Web.Process Página visitada: /gcr/Process.ashx?GetProgress=True desde ::1
2013-07-01 16:44:59,712 [10] INFO  Gedcom.Web.Process Página visitada: /gcr/Process.ashx?GetProgress=True desde ::1
2013-07-01 16:45:01,724 [8] INFO  Gedcom.Web.Process Página visitada: /gcr/Process.ashx?GetProgress=True desde ::1
2013-07-01 16:45:03,737 [12] INFO  Gedcom.Web.Process Página visitada: /gcr/Process.ashx?GetProgress=True desde ::1
2013-07-01 16:45:05,749 [7] INFO  Gedcom.Web.Process Página visitada: /gcr/Process.ashx?GetProgress=True desde ::1
2013-07-01 16:45:07,762 [8] INFO  Gedcom.Web.Process Página visitada: /gcr/Process.ashx?GetProgress=True desde ::1
2013-07-01 16:45:09,774 [12] INFO  Gedcom.Web.Process Página visitada: /gcr/Process.ashx?GetProgress=True desde ::1
2013-07-01 16:45:11,786 [7] INFO  Gedcom.Web.Process Página visitada: /gcr/Process.ashx?GetProgress=True desde ::1
2013-07-01 16:45:13,799 [7] INFO  Gedcom.Web.Process Página visitada: /gcr/Process.ashx?GetProgress=True desde ::1
2013-07-01 16:45:15,811 [12] INFO  Gedcom.Web.Process Página visitada: /gcr/Process.ashx?GetProgress=True desde ::1
2013-07-01 16:45:17,824 [8] INFO  Gedcom.Web.Process Página visitada: /gcr/Process.ashx?GetProgress=True desde ::1
2013-07-01 16:45:19,836 [7] INFO  Gedcom.Web.Process Página visitada: /gcr/Process.ashx?GetProgress=True desde ::1
2013-07-01 16:45:21,848 [12] INFO  Gedcom.Web.Process Página visitada: /gcr/Process.ashx?GetProgress=True desde ::1
2013-07-01 16:45:23,861 [12] INFO  Gedcom.Web.Process Página visitada: /gcr/Process.ashx?GetProgress=True desde ::1
2013-07-01 16:45:25,873 [8] INFO  Gedcom.Web.Process Página visitada: /gcr/Process.ashx?GetProgress=True desde ::1
2013-07-01 16:45:27,886 [8] INFO  Gedcom.Web.Process Página visitada: /gcr/Process.ashx?GetProgress=True desde ::1
2013-07-01 16:45:29,898 [7] INFO  Gedcom.Web.Process Página visitada: /gcr/Process.ashx?GetProgress=True desde ::1
2013-07-01 16:45:31,911 [12] INFO  Gedcom.Web.Process Página visitada: /gcr/Process.ashx?GetProgress=True desde ::1
2013-07-01 16:45:33,923 [12] INFO  Gedcom.Web.Process Página visitada: /gcr/Process.ashx?GetProgress=True desde ::1
2013-07-01 16:45:35,935 [8] INFO  Gedcom.Web.Process Página visitada: /gcr/Process.ashx?GetProgress=True desde ::1
2013-07-01 16:45:37,948 [7] INFO  Gedcom.Web.Process Página visitada: /gcr/Process.ashx?GetProgress=True desde ::1
2013-07-01 16:45:39,960 [12] INFO  Gedcom.Web.Process Página visitada: /gcr/Process.ashx?GetProgress=True desde ::1
2013-07-01 16:45:41,973 [7] INFO  Gedcom.Web.Process Página visitada: /gcr/Process.ashx?GetProgress=True desde ::1
2013-07-01 16:45:43,985 [12] INFO  Gedcom.Web.Process Página visitada: /gcr/Process.ashx?GetProgress=True desde ::1
2013-07-01 16:45:45,997 [8] INFO  Gedcom.Web.Process Página visitada: /gcr/Process.ashx?GetProgress=True desde ::1
2013-07-01 16:45:48,010 [7] INFO  Gedcom.Web.Process Página visitada: /gcr/Process.ashx?GetProgress=True desde ::1
2013-07-01 16:45:50,022 [12] INFO  Gedcom.Web.Process Página visitada: /gcr/Process.ashx?GetProgress=True desde ::1
2013-07-01 16:45:52,035 [8] INFO  Gedcom.Web.Process Página visitada: /gcr/Process.ashx?GetProgress=True desde ::1
2013-07-01 16:45:54,047 [8] INFO  Gedcom.Web.Process Página visitada: /gcr/Process.ashx?GetProgress=True desde ::1
2013-07-01 16:45:56,059 [7] INFO  Gedcom.Web.Process Página visitada: /gcr/Process.ashx?GetProgress=True desde ::1
2013-07-01 16:45:58,072 [7] INFO  Gedcom.Web.Process Página visitada: /gcr/Process.ashx?GetProgress=True desde ::1
2013-07-01 16:46:00,084 [12] INFO  Gedcom.Web.Process Página visitada: /gcr/Process.ashx?GetProgress=True desde ::1
2013-07-01 16:46:02,097 [12] INFO  Gedcom.Web.Process Página visitada: /gcr/Process.ashx?GetProgress=True desde ::1
2013-07-01 16:46:04,109 [10] INFO  Gedcom.Web.Process Página visitada: /gcr/Process.ashx?GetProgress=True desde ::1
2013-07-01 16:46:06,121 [12] INFO  Gedcom.Web.Process Página visitada: /gcr/Process.ashx?GetProgress=True desde ::1
2013-07-01 16:46:08,134 [8] INFO  Gedcom.Web.Process Página visitada: /gcr/Process.ashx?GetProgress=True desde ::1
2013-07-01 16:46:10,146 [7] INFO  Gedcom.Web.Process Página visitada: /gcr/Process.ashx?GetProgress=True desde ::1
2013-07-01 16:46:12,159 [10] INFO  Gedcom.Web.Process Página visitada: /gcr/Process.ashx?GetProgress=True desde ::1
2013-07-01 16:46:14,171 [10] INFO  Gedcom.Web.Process Página visitada: /gcr/Process.ashx?GetProgress=True desde ::1
2013-07-01 16:46:16,183 [8] INFO  Gedcom.Web.Process Página visitada: /gcr/Process.ashx?GetProgress=True desde ::1
2013-07-01 16:46:18,196 [12] INFO  Gedcom.Web.Process Página visitada: /gcr/Process.ashx?GetProgress=True desde ::1
2013-07-01 16:46:20,208 [7] INFO  Gedcom.Web.Process Página visitada: /gcr/Process.ashx?GetProgress=True desde ::1
2013-07-01 16:46:22,221 [8] INFO  Gedcom.Web.Process Página visitada: /gcr/Process.ashx?GetProgress=True desde ::1
2013-07-01 16:46:24,233 [7] INFO  Gedcom.Web.Process Página visitada: /gcr/Process.ashx?GetProgress=True desde ::1
2013-07-01 16:46:26,245 [8] INFO  Gedcom.Web.Process Página visitada: /gcr/Process.ashx?GetProgress=True desde ::1
2013-07-01 16:46:28,258 [7] INFO  Gedcom.Web.Process Página visitada: /gcr/Process.ashx?GetProgress=True desde ::1
2013-07-01 16:46:30,270 [8] INFO  Gedcom.Web.Process Página visitada: /gcr/Process.ashx?GetProgress=True desde ::1
2013-07-01 16:46:32,283 [10] INFO  Gedcom.Web.Process Página visitada: /gcr/Process.ashx?GetProgress=True desde ::1
2013-07-01 16:46:34,295 [8] INFO  Gedcom.Web.Process Página visitada: /gcr/Process.ashx?GetProgress=True desde ::1
2013-07-01 16:46:36,307 [10] INFO  Gedcom.Web.Process Página visitada: /gcr/Process.ashx?GetProgress=True desde ::1
2013-07-01 16:46:38,320 [12] INFO  Gedcom.Web.Process Página visitada: /gcr/Process.ashx?GetProgress=True desde ::1
2013-07-01 16:46:40,332 [10] INFO  Gedcom.Web.Process Página visitada: /gcr/Process.ashx?GetProgress=True desde ::1
2013-07-01 16:46:42,345 [8] INFO  Gedcom.Web.Process Página visitada: /gcr/Process.ashx?GetProgress=True desde ::1
2013-07-01 16:46:44,357 [7] INFO  Gedcom.Web.Process Página visitada: /gcr/Process.ashx?GetProgress=True desde ::1
2013-07-01 16:46:46,369 [8] INFO  Gedcom.Web.Process Página visitada: /gcr/Process.ashx?GetProgress=True desde ::1
2013-07-01 16:46:48,382 [7] INFO  Gedcom.Web.Process Página visitada: /gcr/Process.ashx?GetProgress=True desde ::1
2013-07-01 16:46:50,394 [8] INFO  Gedcom.Web.Process Página visitada: /gcr/Process.ashx?GetProgress=True desde ::1
2013-07-01 16:46:52,407 [10] INFO  Gedcom.Web.Process Página visitada: /gcr/Process.ashx?GetProgress=True desde ::1
2013-07-01 16:46:54,419 [10] INFO  Gedcom.Web.Process Página visitada: /gcr/Process.ashx?GetProgress=True desde ::1
2013-07-01 16:46:56,431 [7] INFO  Gedcom.Web.Process Página visitada: /gcr/Process.ashx?GetProgress=True desde ::1
2013-07-01 16:46:58,444 [7] INFO  Gedcom.Web.Process Página visitada: /gcr/Process.ashx?GetProgress=True desde ::1
2013-07-01 16:47:00,456 [10] INFO  Gedcom.Web.Process Página visitada: /gcr/Process.ashx?GetProgress=True desde ::1
2013-07-01 16:47:02,469 [8] INFO  Gedcom.Web.Process Página visitada: /gcr/Process.ashx?GetProgress=True desde ::1
2013-07-01 16:47:04,481 [8] INFO  Gedcom.Web.Process Página visitada: /gcr/Process.ashx?GetProgress=True desde ::1
2013-07-01 16:47:06,493 [7] INFO  Gedcom.Web.Process Página visitada: /gcr/Process.ashx?GetProgress=True desde ::1
2013-07-01 16:47:08,506 [10] INFO  Gedcom.Web.Process Página visitada: /gcr/Process.ashx?GetProgress=True desde ::1
2013-07-01 16:47:10,518 [8] INFO  Gedcom.Web.Process Página visitada: /gcr/Process.ashx?GetProgress=True desde ::1
2013-07-01 16:47:12,531 [10] INFO  Gedcom.Web.Process Página visitada: /gcr/Process.ashx?GetProgress=True desde ::1
2013-07-01 16:47:14,543 [10] INFO  Gedcom.Web.Process Página visitada: /gcr/Process.ashx?GetProgress=True desde ::1
2013-07-01 16:47:16,555 [8] INFO  Gedcom.Web.Process Página visitada: /gcr/Process.ashx?GetProgress=True desde ::1
2013-07-01 16:47:18,568 [10] INFO  Gedcom.Web.Process Página visitada: /gcr/Process.ashx?GetProgress=True desde ::1
2013-07-01 16:47:20,580 [7] INFO  Gedcom.Web.Process Página visitada: /gcr/Process.ashx?GetProgress=True desde ::1
2013-07-01 16:47:22,593 [10] INFO  Gedcom.Web.Process Página visitada: /gcr/Process.ashx?GetProgress=True desde ::1
2013-07-01 16:47:24,605 [7] INFO  Gedcom.Web.Process Página visitada: /gcr/Process.ashx?GetProgress=True desde ::1
2013-07-01 16:47:26,618 [8] INFO  Gedcom.Web.Process Página visitada: /gcr/Process.ashx?GetProgress=True desde ::1
2013-07-01 16:47:28,630 [7] INFO  Gedcom.Web.Process Página visitada: /gcr/Process.ashx?GetProgress=True desde ::1
2013-07-01 16:47:30,642 [8] INFO  Gedcom.Web.Process Página visitada: /gcr/Process.ashx?GetProgress=True desde ::1
2013-07-01 16:47:32,655 [12] INFO  Gedcom.Web.Process Página visitada: /gcr/Process.ashx?GetProgress=True desde ::1
2013-07-01 16:47:34,667 [8] INFO  Gedcom.Web.Process Página visitada: /gcr/Process.ashx?GetProgress=True desde ::1
2013-07-01 16:47:36,680 [10] INFO  Gedcom.Web.Process Página visitada: /gcr/Process.ashx?GetProgress=True desde ::1
2013-07-01 16:47:38,692 [12] INFO  Gedcom.Web.Process Página visitada: /gcr/Process.ashx?GetProgress=True desde ::1
2013-07-01 16:47:40,704 [8] INFO  Gedcom.Web.Process Página visitada: /gcr/Process.ashx?GetProgress=True desde ::1
2013-07-01 16:47:42,717 [10] INFO  Gedcom.Web.Process Página visitada: /gcr/Process.ashx?GetProgress=True desde ::1
2013-07-01 16:47:44,729 [7] INFO  Gedcom.Web.Process Página visitada: /gcr/Process.ashx?GetProgress=True desde ::1
2013-07-01 16:47:46,742 [12] INFO  Gedcom.Web.Process Página visitada: /gcr/Process.ashx?GetProgress=True desde ::1
2013-07-01 16:47:48,754 [7] INFO  Gedcom.Web.Process Página visitada: /gcr/Process.ashx?GetProgress=True desde ::1
2013-07-01 16:47:50,766 [10] INFO  Gedcom.Web.Process Página visitada: /gcr/Process.ashx?GetProgress=True desde ::1
2013-07-01 16:47:52,779 [7] INFO  Gedcom.Web.Process Página visitada: /gcr/Process.ashx?GetProgress=True desde ::1
2013-07-01 16:47:54,791 [12] INFO  Gedcom.Web.Process Página visitada: /gcr/Process.ashx?GetProgress=True desde ::1
2013-07-01 16:47:56,804 [7] INFO  Gedcom.Web.Process Página visitada: /gcr/Process.ashx?GetProgress=True desde ::1
2013-07-01 16:47:58,816 [7] INFO  Gedcom.Web.Process Página visitada: /gcr/Process.ashx?GetProgress=True desde ::1
2013-07-01 16:48:00,828 [7] INFO  Gedcom.Web.Process Página visitada: /gcr/Process.ashx?GetProgress=True desde ::1
2013-07-01 16:48:02,841 [10] INFO  Gedcom.Web.Process Página visitada: /gcr/Process.ashx?GetProgress=True desde ::1
2013-07-01 16:48:04,853 [12] INFO  Gedcom.Web.Process Página visitada: /gcr/Process.ashx?GetProgress=True desde ::1
2013-07-01 16:48:06,866 [10] INFO  Gedcom.Web.Process Página visitada: /gcr/Process.ashx?GetProgress=True desde ::1
2013-07-01 16:48:08,878 [7] INFO  Gedcom.Web.Process Página visitada: /gcr/Process.ashx?GetProgress=True desde ::1
2013-07-01 16:48:10,890 [12] INFO  Gedcom.Web.Process Página visitada: /gcr/Process.ashx?GetProgress=True desde ::1
2013-07-01 16:48:12,903 [7] INFO  Gedcom.Web.Process Página visitada: /gcr/Process.ashx?GetProgress=True desde ::1
2013-07-01 16:48:14,915 [12] INFO  Gedcom.Web.Process Página visitada: /gcr/Process.ashx?GetProgress=True desde ::1
2013-07-01 16:48:16,928 [10] INFO  Gedcom.Web.Process Página visitada: /gcr/Process.ashx?GetProgress=True desde ::1
2013-07-01 16:48:18,940 [12] INFO  Gedcom.Web.Process Página visitada: /gcr/Process.ashx?GetProgress=True desde ::1
2013-07-01 16:48:20,952 [10] INFO  Gedcom.Web.Process Página visitada: /gcr/Process.ashx?GetProgress=True desde ::1
2013-07-01 16:48:22,965 [10] INFO  Gedcom.Web.Process Página visitada: /gcr/Process.ashx?GetProgress=True desde ::1
2013-07-01 16:48:24,977 [7] INFO  Gedcom.Web.Process Página visitada: /gcr/Process.ashx?GetProgress=True desde ::1
2013-07-01 16:48:26,990 [10] INFO  Gedcom.Web.Process Página visitada: /gcr/Process.ashx?GetProgress=True desde ::1
2013-07-01 16:48:29,002 [10] INFO  Gedcom.Web.Process Página visitada: /gcr/Process.ashx?GetProgress=True desde ::1
2013-07-01 16:48:31,014 [12] INFO  Gedcom.Web.Process Página visitada: /gcr/Process.ashx?GetProgress=True desde ::1
2013-07-01 16:48:33,027 [10] INFO  Gedcom.Web.Process Página visitada: /gcr/Process.ashx?GetProgress=True desde ::1
2013-07-01 16:48:35,039 [7] INFO  Gedcom.Web.Process Página visitada: /gcr/Process.ashx?GetProgress=True desde ::1
2013-07-01 16:48:37,052 [10] INFO  Gedcom.Web.Process Página visitada: /gcr/Process.ashx?GetProgress=True desde ::1
2013-07-01 16:48:39,064 [12] INFO  Gedcom.Web.Process Página visitada: /gcr/Process.ashx?GetProgress=True desde ::1
2013-07-01 16:48:41,076 [7] INFO  Gedcom.Web.Process Página visitada: /gcr/Process.ashx?GetProgress=True desde ::1
2013-07-01 16:48:43,089 [7] INFO  Gedcom.Web.Process Página visitada: /gcr/Process.ashx?GetProgress=True desde ::1
2013-07-01 16:48:45,101 [10] INFO  Gedcom.Web.Process Página visitada: /gcr/Process.ashx?GetProgress=True desde ::1
2013-07-01 16:48:47,114 [7] INFO  Gedcom.Web.Process Página visitada: /gcr/Process.ashx?GetProgress=True desde ::1
2013-07-01 16:48:49,126 [12] INFO  Gedcom.Web.Process Página visitada: /gcr/Process.ashx?GetProgress=True desde ::1
2013-07-01 16:48:51,170 [6] INFO  Gedcom.Web.Process Página visitada: /gcr/Process.ashx?GetProgress=True desde ::1
2013-07-01 16:48:53,182 [12] INFO  Gedcom.Web.Process Página visitada: /gcr/Process.ashx?GetProgress=True desde ::1
2013-07-01 16:48:55,194 [6] INFO  Gedcom.Web.Process Página visitada: /gcr/Process.ashx?GetProgress=True desde ::1
2013-07-01 16:48:57,207 [7] INFO  Gedcom.Web.Process Página visitada: /gcr/Process.ashx?GetProgress=True desde ::1
2013-07-01 16:48:59,219 [6] INFO  Gedcom.Web.Process Página visitada: /gcr/Process.ashx?GetProgress=True desde ::1
2013-07-01 16:49:01,232 [10] INFO  Gedcom.Web.Process Página visitada: /gcr/Process.ashx?GetProgress=True desde ::1
2013-07-01 16:49:03,291 [7] INFO  Gedcom.Web.Process Página visitada: /gcr/Process.ashx?GetProgress=True desde ::1
2013-07-01 16:49:05,303 [6] INFO  Gedcom.Web.Process Página visitada: /gcr/Process.ashx?GetProgress=True desde ::1
2013-07-01 16:49:07,316 [7] INFO  Gedcom.Web.Process Página visitada: /gcr/Process.ashx?GetProgress=True desde ::1
2013-07-01 16:49:09,328 [12] INFO  Gedcom.Web.Process Página visitada: /gcr/Process.ashx?GetProgress=True desde ::1
2013-07-01 16:49:11,340 [6] INFO  Gedcom.Web.Process Página visitada: /gcr/Process.ashx?GetProgress=True desde ::1
2013-07-01 16:49:13,353 [7] INFO  Gedcom.Web.Process Página visitada: /gcr/Process.ashx?GetProgress=True desde ::1
2013-07-01 16:49:15,365 [12] INFO  Gedcom.Web.Process Página visitada: /gcr/Process.ashx?GetProgress=True desde ::1
2013-07-01 16:49:17,378 [6] INFO  Gedcom.Web.Process Página visitada: /gcr/Process.ashx?GetProgress=True desde ::1
2013-07-01 16:49:19,390 [12] INFO  Gedcom.Web.Process Página visitada: /gcr/Process.ashx?GetProgress=True desde ::1
2013-07-01 16:49:21,403 [6] INFO  Gedcom.Web.Process Página visitada: /gcr/Process.ashx?GetProgress=True desde ::1
2013-07-01 16:49:23,415 [12] INFO  Gedcom.Web.Process Página visitada: /gcr/Process.ashx?GetProgress=True desde ::1
2013-07-01 16:49:25,427 [7] INFO  Gedcom.Web.Process Página visitada: /gcr/Process.ashx?GetProgress=True desde ::1
2013-07-01 16:49:27,440 [7] INFO  Gedcom.Web.Process Página visitada: /gcr/Process.ashx?GetProgress=True desde ::1
2013-07-01 16:49:29,452 [12] INFO  Gedcom.Web.Process Página visitada: /gcr/Process.ashx?GetProgress=True desde ::1
2013-07-01 16:49:31,465 [6] INFO  Gedcom.Web.Process Página visitada: /gcr/Process.ashx?GetProgress=True desde ::1
2013-07-01 16:49:33,477 [12] INFO  Gedcom.Web.Process Página visitada: /gcr/Process.ashx?GetProgress=True desde ::1
2013-07-01 16:49:35,489 [7] INFO  Gedcom.Web.Process Página visitada: /gcr/Process.ashx?GetProgress=True desde ::1
2013-07-01 16:49:37,502 [12] INFO  Gedcom.Web.Process Página visitada: /gcr/Process.ashx?GetProgress=True desde ::1
2013-07-01 16:49:39,514 [6] INFO  Gedcom.Web.Process Página visitada: /gcr/Process.ashx?GetProgress=True desde ::1
2013-07-01 16:49:41,527 [6] INFO  Gedcom.Web.Process Página visitada: /gcr/Process.ashx?GetProgress=True desde ::1
2013-07-01 16:49:43,539 [6] INFO  Gedcom.Web.Process Página visitada: /gcr/Process.ashx?GetProgress=True desde ::1
2013-07-01 16:49:45,551 [7] INFO  Gedcom.Web.Process Página visitada: /gcr/Process.ashx?GetProgress=True desde ::1
2013-07-01 16:49:47,564 [12] INFO  Gedcom.Web.Process Página visitada: /gcr/Process.ashx?GetProgress=True desde ::1
2013-07-01 16:49:49,576 [7] INFO  Gedcom.Web.Process Página visitada: /gcr/Process.ashx?GetProgress=True desde ::1
2013-07-01 16:49:51,589 [6] INFO  Gedcom.Web.Process Página visitada: /gcr/Process.ashx?GetProgress=True desde ::1
2013-07-01 16:49:53,601 [7] INFO  Gedcom.Web.Process Página visitada: /gcr/Process.ashx?GetProgress=True desde ::1
2013-07-01 16:49:55,613 [12] INFO  Gedcom.Web.Process Página visitada: /gcr/Process.ashx?GetProgress=True desde ::1
2013-07-01 16:49:57,626 [12] INFO  Gedcom.Web.Process Página visitada: /gcr/Process.ashx?GetProgress=True desde ::1
2013-07-01 16:49:59,638 [7] INFO  Gedcom.Web.Process Página visitada: /gcr/Process.ashx?GetProgress=True desde ::1
2013-07-01 16:50:01,651 [7] INFO  Gedcom.Web.Process Página visitada: /gcr/Process.ashx?GetProgress=True desde ::1
2013-07-01 16:50:03,663 [12] INFO  Gedcom.Web.Process Página visitada: /gcr/Process.ashx?GetProgress=True desde ::1
2013-07-01 16:50:05,675 [7] INFO  Gedcom.Web.Process Página visitada: /gcr/Process.ashx?GetProgress=True desde ::1
2013-07-01 16:50:07,688 [6] INFO  Gedcom.Web.Process Página visitada: /gcr/Process.ashx?GetProgress=True desde ::1
2013-07-01 16:50:09,700 [12] INFO  Gedcom.Web.Process Página visitada: /gcr/Process.ashx?GetProgress=True desde ::1
2013-07-01 16:50:11,713 [8] INFO  Gedcom.Web.Process Página visitada: /gcr/Process.ashx?GetProgress=True desde ::1
2013-07-01 16:50:13,725 [12] INFO  Gedcom.Web.Process Página visitada: /gcr/Process.ashx?GetProgress=True desde ::1
2013-07-01 16:50:15,737 [6] INFO  Gedcom.Web.Process Página visitada: /gcr/Process.ashx?GetProgress=True desde ::1
2013-07-01 16:50:17,750 [12] INFO  Gedcom.Web.Process Página visitada: /gcr/Process.ashx?GetProgress=True desde ::1
2013-07-01 16:50:19,762 [8] INFO  Gedcom.Web.Process Página visitada: /gcr/Process.ashx?GetProgress=True desde ::1
2013-07-01 16:50:21,775 [8] INFO  Gedcom.Web.Process Página visitada: /gcr/Process.ashx?GetProgress=True desde ::1
2013-07-01 16:50:23,787 [6] INFO  Gedcom.Web.Process Página visitada: /gcr/Process.ashx?GetProgress=True desde ::1
2013-07-01 16:50:25,799 [12] INFO  Gedcom.Web.Process Página visitada: /gcr/Process.ashx?GetProgress=True desde ::1
2013-07-01 16:50:27,812 [12] INFO  Gedcom.Web.Process Página visitada: /gcr/Process.ashx?GetProgress=True desde ::1
2013-07-01 16:50:29,824 [6] INFO  Gedcom.Web.Process Página visitada: /gcr/Process.ashx?GetProgress=True desde ::1
2013-07-01 16:50:31,837 [7] INFO  Gedcom.Web.Process Página visitada: /gcr/Process.ashx?GetProgress=True desde ::1
2013-07-01 16:50:33,849 [6] INFO  Gedcom.Web.Process Página visitada: /gcr/Process.ashx?GetProgress=True desde ::1
2013-07-01 16:50:35,861 [12] INFO  Gedcom.Web.Process Página visitada: /gcr/Process.ashx?GetProgress=True desde ::1
2013-07-01 16:50:37,874 [6] INFO  Gedcom.Web.Process Página visitada: /gcr/Process.ashx?GetProgress=True desde ::1
2013-07-01 16:50:39,886 [7] INFO  Gedcom.Web.Process Página visitada: /gcr/Process.ashx?GetProgress=True desde ::1
2013-07-01 16:50:41,899 [6] INFO  Gedcom.Web.Process Página visitada: /gcr/Process.ashx?GetProgress=True desde ::1
2013-07-01 16:50:43,911 [6] INFO  Gedcom.Web.Process Página visitada: /gcr/Process.ashx?GetProgress=True desde ::1
2013-07-01 16:50:45,923 [7] INFO  Gedcom.Web.Process Página visitada: /gcr/Process.ashx?GetProgress=True desde ::1
2013-07-01 16:50:47,936 [12] INFO  Gedcom.Web.Process Página visitada: /gcr/Process.ashx?GetProgress=True desde ::1
2013-07-01 16:50:49,948 [7] INFO  Gedcom.Web.Process Página visitada: /gcr/Process.ashx?GetProgress=True desde ::1
2013-07-01 16:50:51,961 [6] INFO  Gedcom.Web.Process Página visitada: /gcr/Process.ashx?GetProgress=True desde ::1
2013-07-01 16:50:53,973 [7] INFO  Gedcom.Web.Process Página visitada: /gcr/Process.ashx?GetProgress=True desde ::1
2013-07-01 16:50:55,985 [12] INFO  Gedcom.Web.Process Página visitada: /gcr/Process.ashx?GetProgress=True desde ::1
2013-07-01 16:50:57,998 [12] INFO  Gedcom.Web.Process Página visitada: /gcr/Process.ashx?GetProgress=True desde ::1
2013-07-01 16:51:00,010 [7] INFO  Gedcom.Web.Process Página visitada: /gcr/Process.ashx?GetProgress=True desde ::1
2013-07-01 16:51:02,023 [7] INFO  Gedcom.Web.Process Página visitada: /gcr/Process.ashx?GetProgress=True desde ::1
2013-07-01 16:51:04,035 [8] INFO  Gedcom.Web.Process Página visitada: /gcr/Process.ashx?GetProgress=True desde ::1
2013-07-01 16:51:06,047 [7] INFO  Gedcom.Web.Process Página visitada: /gcr/Process.ashx?GetProgress=True desde ::1
2013-07-01 16:51:08,060 [6] INFO  Gedcom.Web.Process Página visitada: /gcr/Process.ashx?GetProgress=True desde ::1
2013-07-01 16:51:10,072 [12] INFO  Gedcom.Web.Process Página visitada: /gcr/Process.ashx?GetProgress=True desde ::1
2013-07-01 16:51:12,085 [8] INFO  Gedcom.Web.Process Página visitada: /gcr/Process.ashx?GetProgress=True desde ::1
2013-07-01 16:51:14,097 [7] INFO  Gedcom.Web.Process Página visitada: /gcr/Process.ashx?GetProgress=True desde ::1
2013-07-01 16:51:16,110 [12] INFO  Gedcom.Web.Process Página visitada: /gcr/Process.ashx?GetProgress=True desde ::1
2013-07-01 16:51:18,122 [8] INFO  Gedcom.Web.Process Página visitada: /gcr/Process.ashx?GetProgress=True desde ::1
2013-07-01 16:51:20,134 [7] INFO  Gedcom.Web.Process Página visitada: /gcr/Process.ashx?GetProgress=True desde ::1
2013-07-01 16:51:22,147 [12] INFO  Gedcom.Web.Process Página visitada: /gcr/Process.ashx?GetProgress=True desde ::1
2013-07-01 16:51:24,159 [6] INFO  Gedcom.Web.Process Página visitada: /gcr/Process.ashx?GetProgress=True desde ::1
2013-07-01 16:51:26,172 [12] INFO  Gedcom.Web.Process Página visitada: /gcr/Process.ashx?GetProgress=True desde ::1
2013-07-01 16:51:28,184 [6] INFO  Gedcom.Web.Process Página visitada: /gcr/Process.ashx?GetProgress=True desde ::1
2013-07-01 16:51:30,196 [12] INFO  Gedcom.Web.Process Página visitada: /gcr/Process.ashx?GetProgress=True desde ::1
2013-07-01 16:51:32,209 [8] INFO  Gedcom.Web.Process Página visitada: /gcr/Process.ashx?GetProgress=True desde ::1
2013-07-01 16:51:34,221 [12] INFO  Gedcom.Web.Process Página visitada: /gcr/Process.ashx?GetProgress=True desde ::1
2013-07-01 16:51:36,234 [8] INFO  Gedcom.Web.Process Página visitada: /gcr/Process.ashx?GetProgress=True desde ::1
2013-07-01 16:51:38,246 [7] INFO  Gedcom.Web.Process Página visitada: /gcr/Process.ashx?GetProgress=True desde ::1
2013-07-01 16:51:40,258 [6] INFO  Gedcom.Web.Process Página visitada: /gcr/Process.ashx?GetProgress=True desde ::1
2013-07-01 16:51:42,271 [8] INFO  Gedcom.Web.Process Página visitada: /gcr/Process.ashx?GetProgress=True desde ::1
2013-07-01 16:51:44,283 [8] INFO  Gedcom.Web.Process Página visitada: /gcr/Process.ashx?GetProgress=True desde ::1
2013-07-01 16:51:46,296 [7] INFO  Gedcom.Web.Process Página visitada: /gcr/Process.ashx?GetProgress=True desde ::1
2013-07-01 16:51:48,308 [6] INFO  Gedcom.Web.Process Página visitada: /gcr/Process.ashx?GetProgress=True desde ::1
2013-07-01 16:51:50,320 [8] INFO  Gedcom.Web.Process Página visitada: /gcr/Process.ashx?GetProgress=True desde ::1
2013-07-01 16:51:52,333 [7] INFO  Gedcom.Web.Process Página visitada: /gcr/Process.ashx?GetProgress=True desde ::1
2013-07-01 16:51:54,345 [8] INFO  Gedcom.Web.Process Página visitada: /gcr/Process.ashx?GetProgress=True desde ::1
2013-07-01 16:51:56,358 [7] INFO  Gedcom.Web.Process Página visitada: /gcr/Process.ashx?GetProgress=True desde ::1
2013-07-01 16:51:58,370 [8] INFO  Gedcom.Web.Process Página visitada: /gcr/Process.ashx?GetProgress=True desde ::1
2013-07-01 16:52:00,382 [6] INFO  Gedcom.Web.Process Página visitada: /gcr/Process.ashx?GetProgress=True desde ::1
2013-07-01 16:52:02,395 [7] INFO  Gedcom.Web.Process Página visitada: /gcr/Process.ashx?GetProgress=True desde ::1
2013-07-01 16:52:04,407 [8] INFO  Gedcom.Web.Process Página visitada: /gcr/Process.ashx?GetProgress=True desde ::1
2013-07-01 16:52:06,420 [6] INFO  Gedcom.Web.Process Página visitada: /gcr/Process.ashx?GetProgress=True desde ::1
2013-07-01 16:52:08,432 [12] INFO  Gedcom.Web.Process Página visitada: /gcr/Process.ashx?GetProgress=True desde ::1
2013-07-01 16:52:10,444 [8] INFO  Gedcom.Web.Process Página visitada: /gcr/Process.ashx?GetProgress=True desde ::1
2013-07-01 16:52:12,457 [6] INFO  Gedcom.Web.Process Página visitada: /gcr/Process.ashx?GetProgress=True desde ::1
2013-07-01 16:52:14,469 [8] INFO  Gedcom.Web.Process Página visitada: /gcr/Process.ashx?GetProgress=True desde ::1
2013-07-01 16:52:16,482 [6] INFO  Gedcom.Web.Process Página visitada: /gcr/Process.ashx?GetProgress=True desde ::1
2013-07-01 16:52:18,494 [8] INFO  Gedcom.Web.Process Página visitada: /gcr/Process.ashx?GetProgress=True desde ::1
2013-07-01 16:52:20,506 [6] INFO  Gedcom.Web.Process Página visitada: /gcr/Process.ashx?GetProgress=True desde ::1
2013-07-01 16:52:22,519 [12] INFO  Gedcom.Web.Process Página visitada: /gcr/Process.ashx?GetProgress=True desde ::1
2013-07-01 16:52:24,531 [12] INFO  Gedcom.Web.Process Página visitada: /gcr/Process.ashx?GetProgress=True desde ::1
2013-07-01 16:52:26,544 [6] INFO  Gedcom.Web.Process Página visitada: /gcr/Process.ashx?GetProgress=True desde ::1
2013-07-01 16:52:28,556 [6] INFO  Gedcom.Web.Process Página visitada: /gcr/Process.ashx?GetProgress=True desde ::1
2013-07-01 16:52:30,568 [8] INFO  Gedcom.Web.Process Página visitada: /gcr/Process.ashx?GetProgress=True desde ::1
2013-07-01 16:52:32,581 [12] INFO  Gedcom.Web.Process Página visitada: /gcr/Process.ashx?GetProgress=True desde ::1
2013-07-01 16:52:34,593 [12] INFO  Gedcom.Web.Process Página visitada: /gcr/Process.ashx?GetProgress=True desde ::1
2013-07-01 16:52:36,606 [6] INFO  Gedcom.Web.Process Página visitada: /gcr/Process.ashx?GetProgress=True desde ::1
2013-07-01 16:52:38,618 [8] INFO  Gedcom.Web.Process Página visitada: /gcr/Process.ashx?GetProgress=True desde ::1
2013-07-01 16:52:40,630 [12] INFO  Gedcom.Web.Process Página visitada: /gcr/Process.ashx?GetProgress=True desde ::1
2013-07-01 16:52:42,643 [8] INFO  Gedcom.Web.Process Página visitada: /gcr/Process.ashx?GetProgress=True desde ::1
2013-07-01 16:52:44,655 [8] INFO  Gedcom.Web.Process Página visitada: /gcr/Process.ashx?GetProgress=True desde ::1
2013-07-01 16:52:46,668 [7] INFO  Gedcom.Web.Process Página visitada: /gcr/Process.ashx?GetProgress=True desde ::1
2013-07-01 16:52:48,680 [6] INFO  Gedcom.Web.Process Página visitada: /gcr/Process.ashx?GetProgress=True desde ::1
2013-07-01 16:52:50,692 [8] INFO  Gedcom.Web.Process Página visitada: /gcr/Process.ashx?GetProgress=True desde ::1
2013-07-01 16:52:52,705 [7] INFO  Gedcom.Web.Process Página visitada: /gcr/Process.ashx?GetProgress=True desde ::1
2013-07-01 16:52:54,717 [8] INFO  Gedcom.Web.Process Página visitada: /gcr/Process.ashx?GetProgress=True desde ::1
2013-07-01 16:52:56,730 [7] INFO  Gedcom.Web.Process Página visitada: /gcr/Process.ashx?GetProgress=True desde ::1
2013-07-01 16:52:58,742 [8] INFO  Gedcom.Web.Process Página visitada: /gcr/Process.ashx?GetProgress=True desde ::1
2013-07-01 16:53:00,754 [7] INFO  Gedcom.Web.Process Página visitada: /gcr/Process.ashx?GetProgress=True desde ::1
2013-07-01 16:53:02,767 [12] INFO  Gedcom.Web.Process Página visitada: /gcr/Process.ashx?GetProgress=True desde ::1
2013-07-01 16:53:04,779 [12] INFO  Gedcom.Web.Process Página visitada: /gcr/Process.ashx?GetProgress=True desde ::1
2013-07-01 16:53:06,792 [6] INFO  Gedcom.Web.Process Página visitada: /gcr/Process.ashx?GetProgress=True desde ::1
2013-07-01 16:53:08,804 [8] INFO  Gedcom.Web.Process Página visitada: /gcr/Process.ashx?GetProgress=True desde ::1
2013-07-01 16:53:10,817 [12] INFO  Gedcom.Web.Process Página visitada: /gcr/Process.ashx?GetProgress=True desde ::1
2013-07-01 16:53:12,829 [6] INFO  Gedcom.Web.Process Página visitada: /gcr/Process.ashx?GetProgress=True desde ::1
2013-07-01 16:53:14,841 [6] INFO  Gedcom.Web.Process Página visitada: /gcr/Process.ashx?GetProgress=True desde ::1
2013-07-01 16:53:16,854 [12] INFO  Gedcom.Web.Process Página visitada: /gcr/Process.ashx?GetProgress=True desde ::1
2013-07-01 16:53:18,866 [6] INFO  Gedcom.Web.Process Página visitada: /gcr/Process.ashx?GetProgress=True desde ::1
2013-07-01 16:53:20,879 [6] INFO  Gedcom.Web.Process Página visitada: /gcr/Process.ashx?GetProgress=True desde ::1
2013-07-01 16:53:22,891 [8] INFO  Gedcom.Web.Process Página visitada: /gcr/Process.ashx?GetProgress=True desde ::1
2013-07-01 16:53:24,903 [12] INFO  Gedcom.Web.Process Página visitada: /gcr/Process.ashx?GetProgress=True desde ::1
2013-07-01 16:53:26,916 [8] INFO  Gedcom.Web.Process Página visitada: /gcr/Process.ashx?GetProgress=True desde ::1
2013-07-01 16:53:28,928 [8] INFO  Gedcom.Web.Process Página visitada: /gcr/Process.ashx?GetProgress=True desde ::1
2013-07-01 16:53:30,941 [6] INFO  Gedcom.Web.Process Página visitada: /gcr/Process.ashx?GetProgress=True desde ::1
2013-07-01 16:53:32,953 [8] INFO  Gedcom.Web.Process Página visitada: /gcr/Process.ashx?GetProgress=True desde ::1
2013-07-01 16:53:34,965 [12] INFO  Gedcom.Web.Process Página visitada: /gcr/Process.ashx?GetProgress=True desde ::1
2013-07-01 16:53:36,978 [8] INFO  Gedcom.Web.Process Página visitada: /gcr/Process.ashx?GetProgress=True desde ::1
2013-07-01 16:53:38,990 [6] INFO  Gedcom.Web.Process Página visitada: /gcr/Process.ashx?GetProgress=True desde ::1
2013-07-01 16:53:41,003 [6] INFO  Gedcom.Web.Process Página visitada: /gcr/Process.ashx?GetProgress=True desde ::1
2013-07-01 16:53:43,015 [8] INFO  Gedcom.Web.Process Página visitada: /gcr/Process.ashx?GetProgress=True desde ::1
2013-07-01 16:53:45,027 [12] INFO  Gedcom.Web.Process Página visitada: /gcr/Process.ashx?GetProgress=True desde ::1
2013-07-01 16:53:47,040 [6] INFO  Gedcom.Web.Process Página visitada: /gcr/Process.ashx?GetProgress=True desde ::1
2013-07-01 16:53:49,052 [12] INFO  Gedcom.Web.Process Página visitada: /gcr/Process.ashx?GetProgress=True desde ::1
2013-07-01 16:53:51,065 [8] INFO  Gedcom.Web.Process Página visitada: /gcr/Process.ashx?GetProgress=True desde ::1
2013-07-01 16:53:53,077 [12] INFO  Gedcom.Web.Process Página visitada: /gcr/Process.ashx?GetProgress=True desde ::1
2013-07-01 16:53:55,089 [6] INFO  Gedcom.Web.Process Página visitada: /gcr/Process.ashx?GetProgress=True desde ::1
2013-07-01 16:53:57,102 [12] INFO  Gedcom.Web.Process Página visitada: /gcr/Process.ashx?GetProgress=True desde ::1
2013-07-01 16:53:59,114 [12] INFO  Gedcom.Web.Process Página visitada: /gcr/Process.ashx?GetProgress=True desde ::1
2013-07-01 16:54:01,127 [12] INFO  Gedcom.Web.Process Página visitada: /gcr/Process.ashx?GetProgress=True desde ::1
2013-07-01 16:54:03,139 [8] INFO  Gedcom.Web.Process Página visitada: /gcr/Process.ashx?GetProgress=True desde ::1
2013-07-01 16:54:05,167 [6] INFO  Gedcom.Web.Process Página visitada: /gcr/Process.ashx?GetProgress=True desde ::1
2013-07-01 16:54:07,179 [8] INFO  Gedcom.Web.Process Página visitada: /gcr/Process.ashx?GetProgress=True desde ::1
2013-07-01 16:54:09,192 [10] INFO  Gedcom.Web.Process Página visitada: /gcr/Process.ashx?GetProgress=True desde ::1
2013-07-01 16:54:11,204 [12] INFO  Gedcom.Web.Process Página visitada: /gcr/Process.ashx?GetProgress=True desde ::1
2013-07-01 16:54:13,217 [10] INFO  Gedcom.Web.Process Página visitada: /gcr/Process.ashx?GetProgress=True desde ::1
2013-07-01 16:54:15,307 [6] INFO  Gedcom.Web.Process Página visitada: /gcr/Process.ashx?GetProgress=True desde ::1
2013-07-01 16:54:17,319 [12] INFO  Gedcom.Web.Process Página visitada: /gcr/Process.ashx?GetProgress=True desde ::1
2013-07-01 16:54:19,332 [8] INFO  Gedcom.Web.Process Página visitada: /gcr/Process.ashx?GetProgress=True desde ::1
2013-07-01 16:54:21,344 [6] INFO  Gedcom.Web.Process Página visitada: /gcr/Process.ashx?GetProgress=True desde ::1
2013-07-01 16:54:23,357 [8] INFO  Gedcom.Web.Process Página visitada: /gcr/Process.ashx?GetProgress=True desde ::1
2013-07-01 16:54:25,369 [7] INFO  Gedcom.Web.Process Página visitada: /gcr/Process.ashx?GetProgress=True desde ::1
2013-07-01 16:54:27,381 [6] INFO  Gedcom.Web.Process Página visitada: /gcr/Process.ashx?GetProgress=True desde ::1
2013-07-01 16:54:29,394 [6] INFO  Gedcom.Web.Process Página visitada: /gcr/Process.ashx?GetProgress=True desde ::1
2013-07-01 16:54:31,406 [12] INFO  Gedcom.Web.Process Página visitada: /gcr/Process.ashx?GetProgress=True desde ::1
2013-07-01 16:54:33,419 [7] INFO  Gedcom.Web.Process Página visitada: /gcr/Process.ashx?GetProgress=True desde ::1
2013-07-01 16:54:35,431 [12] INFO  Gedcom.Web.Process Página visitada: /gcr/Process.ashx?GetProgress=True desde ::1
2013-07-01 16:54:37,443 [10] INFO  Gedcom.Web.Process Página visitada: /gcr/Process.ashx?GetProgress=True desde ::1
2013-07-01 16:54:39,456 [7] INFO  Gedcom.Web.Process Página visitada: /gcr/Process.ashx?GetProgress=True desde ::1
2013-07-01 16:54:41,468 [10] INFO  Gedcom.Web.Process Página visitada: /gcr/Process.ashx?GetProgress=True desde ::1
2013-07-01 16:54:43,481 [10] INFO  Gedcom.Web.Process Página visitada: /gcr/Process.ashx?GetProgress=True desde ::1
2013-07-01 16:54:45,493 [6] INFO  Gedcom.Web.Process Página visitada: /gcr/Process.ashx?GetProgress=True desde ::1
2013-07-01 16:54:47,505 [10] INFO  Gedcom.Web.Process Página visitada: /gcr/Process.ashx?GetProgress=True desde ::1
2013-07-01 16:54:49,518 [7] INFO  Gedcom.Web.Process Página visitada: /gcr/Process.ashx?GetProgress=True desde ::1
2013-07-01 16:54:51,530 [6] INFO  Gedcom.Web.Process Página visitada: /gcr/Process.ashx?GetProgress=True desde ::1
2013-07-01 16:54:53,543 [10] INFO  Gedcom.Web.Process Página visitada: /gcr/Process.ashx?GetProgress=True desde ::1
2013-07-01 16:54:55,555 [6] INFO  Gedcom.Web.Process Página visitada: /gcr/Process.ashx?GetProgress=True desde ::1
2013-07-01 16:54:57,568 [10] INFO  Gedcom.Web.Process Página visitada: /gcr/Process.ashx?GetProgress=True desde ::1
2013-07-01 16:54:59,580 [6] INFO  Gedcom.Web.Process Página visitada: /gcr/Process.ashx?GetProgress=True desde ::1
2013-07-01 16:55:01,592 [6] INFO  Gedcom.Web.Process Página visitada: /gcr/Process.ashx?GetProgress=True desde ::1
2013-07-01 16:55:03,605 [12] INFO  Gedcom.Web.Process Página visitada: /gcr/Process.ashx?GetProgress=True desde ::1
2013-07-01 16:55:05,617 [6] INFO  Gedcom.Web.Process Página visitada: /gcr/Process.ashx?GetProgress=True desde ::1
2013-07-01 16:55:07,630 [7] INFO  Gedcom.Web.Process Página visitada: /gcr/Process.ashx?GetProgress=True desde ::1
2013-07-01 16:55:09,642 [12] INFO  Gedcom.Web.Process Página visitada: /gcr/Process.ashx?GetProgress=True desde ::1
2013-07-01 16:55:11,654 [10] INFO  Gedcom.Web.Process Página visitada: /gcr/Process.ashx?GetProgress=True desde ::1
2013-07-01 16:55:13,667 [10] INFO  Gedcom.Web.Process Página visitada: /gcr/Process.ashx?GetProgress=True desde ::1
2013-07-01 16:55:15,679 [6] INFO  Gedcom.Web.Process Página visitada: /gcr/Process.ashx?GetProgress=True desde ::1
2013-07-01 16:55:17,692 [10] INFO  Gedcom.Web.Process Página visitada: /gcr/Process.ashx?GetProgress=True desde ::1
2013-07-01 16:55:19,704 [7] INFO  Gedcom.Web.Process Página visitada: /gcr/Process.ashx?GetProgress=True desde ::1
2013-07-01 16:55:21,716 [7] INFO  Gedcom.Web.Process Página visitada: /gcr/Process.ashx?GetProgress=True desde ::1
2013-07-01 16:55:23,729 [12] INFO  Gedcom.Web.Process Página visitada: /gcr/Process.ashx?GetProgress=True desde ::1
2013-07-01 16:55:25,741 [8] INFO  Gedcom.Web.Process Página visitada: /gcr/Process.ashx?GetProgress=True desde ::1
2013-07-01 16:55:27,754 [12] INFO  Gedcom.Web.Process Página visitada: /gcr/Process.ashx?GetProgress=True desde ::1
2013-07-01 16:55:29,766 [10] INFO  Gedcom.Web.Process Página visitada: /gcr/Process.ashx?GetProgress=True desde ::1
2013-07-01 16:55:31,778 [8] INFO  Gedcom.Web.Process Página visitada: /gcr/Process.ashx?GetProgress=True desde ::1
2013-07-01 16:55:33,791 [6] INFO  Gedcom.Web.Process Página visitada: /gcr/Process.ashx?GetProgress=True desde ::1
2013-07-01 16:55:35,803 [10] INFO  Gedcom.Web.Process Página visitada: /gcr/Process.ashx?GetProgress=True desde ::1
2013-07-01 16:55:37,816 [8] INFO  Gedcom.Web.Process Página visitada: /gcr/Process.ashx?GetProgress=True desde ::1
2013-07-01 16:55:39,828 [7] INFO  Gedcom.Web.Process Página visitada: /gcr/Process.ashx?GetProgress=True desde ::1
2013-07-01 16:55:41,840 [7] INFO  Gedcom.Web.Process Página visitada: /gcr/Process.ashx?GetProgress=True desde ::1
2013-07-01 16:55:43,853 [8] INFO  Gedcom.Web.Process Página visitada: /gcr/Process.ashx?GetProgress=True desde ::1
2013-07-01 16:55:45,865 [10] INFO  Gedcom.Web.Process Página visitada: /gcr/Process.ashx?GetProgress=True desde ::1
2013-07-01 16:55:47,878 [6] INFO  Gedcom.Web.Process Página visitada: /gcr/Process.ashx?GetProgress=True desde ::1
2013-07-01 16:55:49,890 [8] INFO  Gedcom.Web.Process Página visitada: /gcr/Process.ashx?GetProgress=True desde ::1
2013-07-01 16:55:51,902 [12] INFO  Gedcom.Web.Process Página visitada: /gcr/Process.ashx?GetProgress=True desde ::1
2013-07-01 16:55:53,915 [7] INFO  Gedcom.Web.Process Página visitada: /gcr/Process.ashx?GetProgress=True desde ::1
2013-07-01 16:55:55,927 [8] INFO  Gedcom.Web.Process Página visitada: /gcr/Process.ashx?GetProgress=True desde ::1
2013-07-01 16:55:57,940 [7] INFO  Gedcom.Web.Process Página visitada: /gcr/Process.ashx?GetProgress=True desde ::1
2013-07-01 16:55:59,952 [6] INFO  Gedcom.Web.Process Página visitada: /gcr/Process.ashx?GetProgress=True desde ::1
2013-07-01 16:56:01,964 [10] INFO  Gedcom.Web.Process Página visitada: /gcr/Process.ashx?GetProgress=True desde ::1
2013-07-01 16:56:03,977 [8] INFO  Gedcom.Web.Process Página visitada: /gcr/Process.ashx?GetProgress=True desde ::1
2013-07-01 16:56:05,989 [7] INFO  Gedcom.Web.Process Página visitada: /gcr/Process.ashx?GetProgress=True desde ::1
2013-07-01 16:56:08,002 [10] INFO  Gedcom.Web.Process Página visitada: /gcr/Process.ashx?GetProgress=True desde ::1
2013-07-01 16:56:10,014 [12] INFO  Gedcom.Web.Process Página visitada: /gcr/Process.ashx?GetProgress=True desde ::1
2013-07-01 16:56:12,026 [8] INFO  Gedcom.Web.Process Página visitada: /gcr/Process.ashx?GetProgress=True desde ::1
2013-07-01 16:56:14,039 [6] INFO  Gedcom.Web.Process Página visitada: /gcr/Process.ashx?GetProgress=True desde ::1
2013-07-01 16:56:16,051 [12] INFO  Gedcom.Web.Process Página visitada: /gcr/Process.ashx?GetProgress=True desde ::1
2013-07-01 16:56:18,064 [7] INFO  Gedcom.Web.Process Página visitada: /gcr/Process.ashx?GetProgress=True desde ::1
2013-07-01 16:56:20,076 [6] INFO  Gedcom.Web.Process Página visitada: /gcr/Process.ashx?GetProgress=True desde ::1
2013-07-01 16:56:22,088 [8] INFO  Gedcom.Web.Process Página visitada: /gcr/Process.ashx?GetProgress=True desde ::1
2013-07-01 16:56:24,101 [7] INFO  Gedcom.Web.Process Página visitada: /gcr/Process.ashx?GetProgress=True desde ::1
2013-07-01 16:56:26,113 [12] INFO  Gedcom.Web.Process Página visitada: /gcr/Process.ashx?GetProgress=True desde ::1
2013-07-01 16:56:28,126 [7] INFO  Gedcom.Web.Process Página visitada: /gcr/Process.ashx?GetProgress=True desde ::1
2013-07-01 16:56:30,138 [12] INFO  Gedcom.Web.Process Página visitada: /gcr/Process.ashx?GetProgress=True desde ::1
2013-07-01 16:56:32,150 [8] INFO  Gedcom.Web.Process Página visitada: /gcr/Process.ashx?GetProgress=True desde ::1
2013-07-01 16:56:34,163 [7] INFO  Gedcom.Web.Process Página visitada: /gcr/Process.ashx?GetProgress=True desde ::1
2013-07-01 16:56:36,175 [12] INFO  Gedcom.Web.Process Página visitada: /gcr/Process.ashx?GetProgress=True desde ::1
2013-07-01 16:56:38,188 [8] INFO  Gedcom.Web.Process Página visitada: /gcr/Process.ashx?GetProgress=True desde ::1
2013-07-01 16:56:40,200 [6] INFO  Gedcom.Web.Process Página visitada: /gcr/Process.ashx?GetProgress=True desde ::1
2013-07-01 16:56:42,212 [6] INFO  Gedcom.Web.Process Página visitada: /gcr/Process.ashx?GetProgress=True desde ::1
2013-07-01 16:56:44,225 [7] INFO  Gedcom.Web.Process Página visitada: /gcr/Process.ashx?GetProgress=True desde ::1
2013-07-01 16:56:46,237 [15] INFO  Gedcom.Web.Process Página visitada: /gcr/Process.ashx?GetProgress=True desde ::1
2013-07-01 16:56:48,250 [12] INFO  Gedcom.Web.Process Página visitada: /gcr/Process.ashx?GetProgress=True desde ::1
2013-07-01 16:56:50,262 [14] INFO  Gedcom.Web.Process Página visitada: /gcr/Process.ashx?GetProgress=True desde ::1
2013-07-01 16:56:52,275 [6] INFO  Gedcom.Web.Process Página visitada: /gcr/Process.ashx?GetProgress=True desde ::1
2013-07-01 16:56:54,287 [8] INFO  Gedcom.Web.Process Página visitada: /gcr/Process.ashx?GetProgress=True desde ::1
2013-07-01 16:56:56,299 [10] INFO  Gedcom.Web.Process Página visitada: /gcr/Process.ashx?GetProgress=True desde ::1
2013-07-01 16:56:58,312 [6] INFO  Gedcom.Web.Process Página visitada: /gcr/Process.ashx?GetProgress=True desde ::1
2013-07-01 16:57:00,324 [7] INFO  Gedcom.Web.Process Página visitada: /gcr/Process.ashx?GetProgress=True desde ::1
2013-07-01 16:57:02,337 [8] INFO  Gedcom.Web.Process Página visitada: /gcr/Process.ashx?GetProgress=True desde ::1
2013-07-01 16:57:04,349 [15] INFO  Gedcom.Web.Process Página visitada: /gcr/Process.ashx?GetProgress=True desde ::1
2013-07-01 16:57:06,361 [12] INFO  Gedcom.Web.Process Página visitada: /gcr/Process.ashx?GetProgress=True desde ::1
2013-07-01 16:57:08,374 [14] INFO  Gedcom.Web.Process Página visitada: /gcr/Process.ashx?GetProgress=True desde ::1
2013-07-01 16:57:10,386 [10] INFO  Gedcom.Web.Process Página visitada: /gcr/Process.ashx?GetProgress=True desde ::1
2013-07-01 16:57:12,399 [7] INFO  Gedcom.Web.Process Página visitada: /gcr/Process.ashx?GetProgress=True desde ::1
2013-07-01 16:57:14,411 [7] INFO  Gedcom.Web.Process Página visitada: /gcr/Process.ashx?GetProgress=True desde ::1
2013-07-01 16:57:16,423 [6] INFO  Gedcom.Web.Process Página visitada: /gcr/Process.ashx?GetProgress=True desde ::1
2013-07-01 16:57:18,436 [12] INFO  Gedcom.Web.Process Página visitada: /gcr/Process.ashx?GetProgress=True desde ::1
2013-07-01 16:57:20,448 [14] INFO  Gedcom.Web.Process Página visitada: /gcr/Process.ashx?GetProgress=True desde ::1
2013-07-01 16:57:22,461 [17] INFO  Gedcom.Web.Process Página visitada: /gcr/Process.ashx?GetProgress=True desde ::1
2013-07-01 16:57:24,473 [15] INFO  Gedcom.Web.Process Página visitada: /gcr/Process.ashx?GetProgress=True desde ::1
2013-07-01 16:57:26,485 [6] INFO  Gedcom.Web.Process Página visitada: /gcr/Process.ashx?GetProgress=True desde ::1
2013-07-01 16:57:28,498 [10] INFO  Gedcom.Web.Process Página visitada: /gcr/Process.ashx?GetProgress=True desde ::1
2013-07-01 16:57:30,510 [17] INFO  Gedcom.Web.Process Página visitada: /gcr/Process.ashx?GetProgress=True desde ::1
2013-07-01 16:57:32,523 [8] INFO  Gedcom.Web.Process Página visitada: /gcr/Process.ashx?GetProgress=True desde ::1
2013-07-01 16:57:34,535 [6] INFO  Gedcom.Web.Process Página visitada: /gcr/Process.ashx?GetProgress=True desde ::1
2013-07-01 16:57:36,547 [12] INFO  Gedcom.Web.Process Página visitada: /gcr/Process.ashx?GetProgress=True desde ::1
2013-07-01 16:57:38,560 [14] INFO  Gedcom.Web.Process Página visitada: /gcr/Process.ashx?GetProgress=True desde ::1
2013-07-01 16:57:40,572 [10] INFO  Gedcom.Web.Process Página visitada: /gcr/Process.ashx?GetProgress=True desde ::1
2013-07-01 16:57:42,585 [8] INFO  Gedcom.Web.Process Página visitada: /gcr/Process.ashx?GetProgress=True desde ::1
2013-07-01 16:57:44,597 [10] INFO  Gedcom.Web.Process Página visitada: /gcr/Process.ashx?GetProgress=True desde ::1
2013-07-01 16:57:46,609 [14] INFO  Gedcom.Web.Process Página visitada: /gcr/Process.ashx?GetProgress=True desde ::1
2013-07-01 16:57:48,622 [17] INFO  Gedcom.Web.Process Página visitada: /gcr/Process.ashx?GetProgress=True desde ::1
2013-07-01 16:57:50,634 [15] INFO  Gedcom.Web.Process Página visitada: /gcr/Process.ashx?GetProgress=True desde ::1
2013-07-01 16:57:52,647 [6] INFO  Gedcom.Web.Process Página visitada: /gcr/Process.ashx?GetProgress=True desde ::1
2013-07-01 16:57:54,659 [10] INFO  Gedcom.Web.Process Página visitada: /gcr/Process.ashx?GetProgress=True desde ::1
2013-07-01 16:57:56,671 [14] INFO  Gedcom.Web.Process Página visitada: /gcr/Process.ashx?GetProgress=True desde ::1
2013-07-01 16:57:58,684 [15] INFO  Gedcom.Web.Process Página visitada: /gcr/Process.ashx?GetProgress=True desde ::1
2013-07-01 16:58:00,696 [8] INFO  Gedcom.Web.Process Página visitada: /gcr/Process.ashx?GetProgress=True desde ::1
2013-07-01 16:58:02,709 [17] INFO  Gedcom.Web.Process Página visitada: /gcr/Process.ashx?GetProgress=True desde ::1
2013-07-01 16:58:04,721 [15] INFO  Gedcom.Web.Process Página visitada: /gcr/Process.ashx?GetProgress=True desde ::1
2013-07-01 16:58:06,733 [12] INFO  Gedcom.Web.Process Página visitada: /gcr/Process.ashx?GetProgress=True desde ::1
2013-07-01 16:58:08,746 [14] INFO  Gedcom.Web.Process Página visitada: /gcr/Process.ashx?GetProgress=True desde ::1
2013-07-01 16:58:10,758 [10] INFO  Gedcom.Web.Process Página visitada: /gcr/Process.ashx?GetProgress=True desde ::1
2013-07-01 16:58:12,771 [15] INFO  Gedcom.Web.Process Página visitada: /gcr/Process.ashx?GetProgress=True desde ::1
2013-07-01 16:58:14,783 [17] INFO  Gedcom.Web.Process Página visitada: /gcr/Process.ashx?GetProgress=True desde ::1
2013-07-01 16:58:16,795 [8] INFO  Gedcom.Web.Process Página visitada: /gcr/Process.ashx?GetProgress=True desde ::1
2013-07-01 16:58:18,808 [7] INFO  Gedcom.Web.Process Página visitada: /gcr/Process.ashx?GetProgress=True desde ::1
2013-07-01 16:58:20,820 [17] INFO  Gedcom.Web.Process Página visitada: /gcr/Process.ashx?GetProgress=True desde ::1
2013-07-01 16:58:22,833 [7] INFO  Gedcom.Web.Process Página visitada: /gcr/Process.ashx?GetProgress=True desde ::1
2013-07-01 16:58:24,845 [6] INFO  Gedcom.Web.Process Página visitada: /gcr/Process.ashx?GetProgress=True desde ::1
2013-07-01 16:58:26,857 [12] INFO  Gedcom.Web.Process Página visitada: /gcr/Process.ashx?GetProgress=True desde ::1
2013-07-01 16:58:28,870 [17] INFO  Gedcom.Web.Process Página visitada: /gcr/Process.ashx?GetProgress=True desde ::1
2013-07-01 16:58:30,882 [7] INFO  Gedcom.Web.Process Página visitada: /gcr/Process.ashx?GetProgress=True desde ::1
2013-07-01 16:58:32,895 [8] INFO  Gedcom.Web.Process Página visitada: /gcr/Process.ashx?GetProgress=True desde ::1
2013-07-01 16:58:34,907 [12] INFO  Gedcom.Web.Process Página visitada: /gcr/Process.ashx?GetProgress=True desde ::1
2013-07-01 16:58:36,919 [10] INFO  Gedcom.Web.Process Página visitada: /gcr/Process.ashx?GetProgress=True desde ::1
2013-07-01 16:58:38,932 [14] INFO  Gedcom.Web.Process Página visitada: /gcr/Process.ashx?GetProgress=True desde ::1
2013-07-01 16:58:40,944 [15] INFO  Gedcom.Web.Process Página visitada: /gcr/Process.ashx?GetProgress=True desde ::1
2013-07-01 16:58:42,957 [14] INFO  Gedcom.Web.Process Página visitada: /gcr/Process.ashx?GetProgress=True desde ::1
2013-07-01 16:58:44,969 [17] INFO  Gedcom.Web.Process Página visitada: /gcr/Process.ashx?GetProgress=True desde ::1
2013-07-01 16:58:46,982 [8] INFO  Gedcom.Web.Process Página visitada: /gcr/Process.ashx?GetProgress=True desde ::1
2013-07-01 16:58:48,994 [12] INFO  Gedcom.Web.Process Página visitada: /gcr/Process.ashx?GetProgress=True desde ::1
2013-07-01 16:58:51,006 [10] INFO  Gedcom.Web.Process Página visitada: /gcr/Process.ashx?GetProgress=True desde ::1
2013-07-01 16:58:53,019 [14] INFO  Gedcom.Web.Process Página visitada: /gcr/Process.ashx?GetProgress=True desde ::1
2013-07-01 16:58:55,031 [17] INFO  Gedcom.Web.Process Página visitada: /gcr/Process.ashx?GetProgress=True desde ::1
2013-07-01 16:58:57,044 [7] INFO  Gedcom.Web.Process Página visitada: /gcr/Process.ashx?GetProgress=True desde ::1
2013-07-01 16:58:59,056 [10] INFO  Gedcom.Web.Process Página visitada: /gcr/Process.ashx?GetProgress=True desde ::1
2013-07-01 16:59:01,068 [17] INFO  Gedcom.Web.Process Página visitada: /gcr/Process.ashx?GetProgress=True desde ::1
2013-07-01 16:59:03,081 [8] INFO  Gedcom.Web.Process Página visitada: /gcr/Process.ashx?GetProgress=True desde ::1
2013-07-01 16:59:05,093 [6] INFO  Gedcom.Web.Process Página visitada: /gcr/Process.ashx?GetProgress=True desde ::1
2013-07-01 17:19:43,080 [36] INFO  Gedcom.Web.Process GCR detenido
