2013-06-24 11:23:51,577 [6] INFO  System.Diagnostics.Process Inicia la creacion de la base de datos
2013-06-24 11:23:51,999 [6] INFO  System.Diagnostics.Process Fin de la creacion de la base de datos, Milisegundos=427
2013-06-24 11:23:51,999 [6] INFO  System.Diagnostics.Process Inicia la lectura del archivo gedcom
2013-06-24 11:25:50,668 [6] INFO  System.Diagnostics.Process Fin de la lectura del archivo gedcom, Milisegundos=118653
2013-06-24 11:25:50,668 [6] INFO  System.Diagnostics.Process Inicia la importación en paralelo
2013-06-24 11:39:34,256 [6] INFO  System.Diagnostics.Process Inicia la creacion de la base de datos
2013-06-24 11:39:34,677 [6] INFO  System.Diagnostics.Process Fin de la creacion de la base de datos, Milisegundos=428
2013-06-24 11:39:34,677 [6] INFO  System.Diagnostics.Process Inicia la lectura del archivo gedcom
2013-06-24 11:41:38,557 [6] INFO  System.Diagnostics.Process Fin de la lectura del archivo gedcom, Milisegundos=123872
2013-06-24 11:41:38,557 [6] INFO  System.Diagnostics.Process Inicia la importación en paralelo
2013-06-24 11:45:51,277 [6] INFO  System.Diagnostics.Process Inicia la creacion de la base de datos
2013-06-24 11:58:26,100 [6] INFO  System.Diagnostics.Process Inicia la creacion de la base de datos
2013-06-24 11:58:26,553 [6] INFO  System.Diagnostics.Process Fin de la creacion de la base de datos, Milisegundos=454
2013-06-24 11:58:26,553 [6] INFO  System.Diagnostics.Process Inicia la lectura del archivo gedcom
2013-06-24 12:00:25,066 [6] INFO  System.Diagnostics.Process Fin de la lectura del archivo gedcom, Milisegundos=118497
2013-06-24 12:00:25,066 [6] INFO  System.Diagnostics.Process Inicia la importación en paralelo
2013-06-24 12:37:52,952 [6] INFO  System.Diagnostics.Process Modo='Individuos y familias por rangos en paralelo al cuadrado' Paralelismo=5 Milisegundos=2247871
2013-06-24 12:37:55,027 [6] INFO  System.Diagnostics.Process Finaliza la importación en paralelo
2013-06-24 13:29:24,929 [6] INFO  System.Diagnostics.Process Inicia la creacion de la base de datos
2013-06-24 13:29:25,287 [6] INFO  System.Diagnostics.Process Fin de la creacion de la base de datos, Milisegundos=361
2013-06-24 13:29:25,287 [6] INFO  System.Diagnostics.Process Inicia la lectura del archivo gedcom
2013-06-24 13:31:23,848 [6] INFO  System.Diagnostics.Process Fin de la lectura del archivo gedcom, Milisegundos=118554
2013-06-24 13:31:23,848 [6] INFO  System.Diagnostics.Process Inicia la importación en paralelo
2013-06-24 15:38:22,168 [6] INFO  System.Diagnostics.Process Modo='Individuos y familias en paralelo' Paralelismo=5 Milisegundos=7618214
2013-06-24 15:38:30,997 [6] INFO  System.Diagnostics.Process Finaliza la importación en paralelo
2013-06-24 15:51:41,076 [6] INFO  System.Diagnostics.Process Inicia la creacion de la base de datos
2013-06-24 15:51:41,451 [6] INFO  System.Diagnostics.Process Fin de la creacion de la base de datos, Milisegundos=386
2013-06-24 15:51:41,466 [6] INFO  System.Diagnostics.Process Inicia la lectura del archivo gedcom
2013-06-24 15:53:41,056 [6] INFO  System.Diagnostics.Process Fin de la lectura del archivo gedcom, Milisegundos=119598
2013-06-24 15:53:41,056 [6] INFO  System.Diagnostics.Process Inicia la importación en paralelo
2013-06-24 16:25:27,426 [7] INFO  System.Diagnostics.Process Inicia la creacion de la base de datos
2013-06-24 16:25:27,676 [7] INFO  System.Diagnostics.Process Fin de la creacion de la base de datos, Milisegundos=249
2013-06-24 16:25:27,676 [7] INFO  System.Diagnostics.Process Inicia la lectura del archivo gedcom
2013-06-24 16:27:25,971 [7] INFO  System.Diagnostics.Process Fin de la lectura del archivo gedcom, Milisegundos=118285
2013-06-24 16:27:25,971 [7] INFO  System.Diagnostics.Process Inicia la importación en paralelo
2013-06-24 17:04:55,760 [7] INFO  System.Diagnostics.Process Modo='Individuos y familias en paralelo' Paralelismo=5 Milisegundos=2249770
2013-06-24 17:04:57,710 [7] INFO  System.Diagnostics.Process Finaliza la importación en paralelo
